------------------------------------------------------------
/usr/bin/pip run on Fri Apr  3 20:36:28 2015
Downloading/unpacking phython-dev
  Getting page https://pypi.python.org/simple/phython-dev/
  Could not fetch URL https://pypi.python.org/simple/phython-dev/: 404 Client Error: Not Found
  Will skip URL https://pypi.python.org/simple/phython-dev/ when looking for download links for phython-dev
  Getting page https://pypi.python.org/simple/
  URLs to search for versions for phython-dev:
  * https://pypi.python.org/simple/phython-dev/
  Getting page https://pypi.python.org/simple/phython-dev/
  Could not fetch URL https://pypi.python.org/simple/phython-dev/: 404 Client Error: Not Found
  Will skip URL https://pypi.python.org/simple/phython-dev/ when looking for download links for phython-dev
  Could not find any downloads that satisfy the requirement phython-dev
Cleaning up...
  Removing temporary dir /tmp/pip_build_iammarkwhammond...
No distributions at all found for phython-dev
Exception information:
Traceback (most recent call last):
  File "/usr/lib/python2.7/dist-packages/pip/basecommand.py", line 122, in main
    status = self.run(options, args)
  File "/usr/lib/python2.7/dist-packages/pip/commands/install.py", line 278, in run
    requirement_set.prepare_files(finder, force_root_egg_info=self.bundle, bundle=self.bundle)
  File "/usr/lib/python2.7/dist-packages/pip/req.py", line 1177, in prepare_files
    url = finder.find_requirement(req_to_install, upgrade=self.upgrade)
  File "/usr/lib/python2.7/dist-packages/pip/index.py", line 277, in find_requirement
    raise DistributionNotFound('No distributions at all found for %s' % req)
DistributionNotFound: No distributions at all found for phython-dev
